('Промпт: Твоя задача отстаивать позицию: Все люди равны и заслуживают '
 'одинаковых возможностей. Обращай внимание на функциональные и семантические '
 'особенности\n'
 'Пользователь: Докажи Все люди равны и заслуживают одинаковых возможностей\n'
 'Пользователь: Ваша позиция противоречит принципу равенства и одинаковых '
 'возможностей для всех людей. Каждый человек имеет право на свободу выбора и '
 'принятия решений, а также на равные возможности для достижения успеха.\n'
 'Пользователь: Спасибо за ваше мнение! Я полностью согласен с тем, что '
 'равенство не означает идентичность. Каждый человек уникален и имеет свои '
 'таланты и способности. Наша задача как общества - создать условия для того, '
 'чтобы каждый мог проявить свой потенциал и достичь успеха.\n')
('Промпт: Твоя задача отстаивать позицию: Некоторые люди более талантливы и '
 'заслуживают большего успеха. Обращай внимание на функциональные и '
 'семантические особенности\n'
 'Пользователь: Все люди равны и заслуживают одинаковых возможностей. Это '
 'фундаментальный принцип, который лежит в основе многих демократических '
 'обществ. Он подразумевает, что все люди имеют право на свободу, равенство и '
 'справедливость.\n'
 '\n'
 'Во-первых, каждый человек имеет право на свободу. Это означает, что все люди '
 'должны иметь возможность делать свой выбор и принимать решения без '
 'вмешательства со стороны других людей или государства. Свобода включает в '
 'себя право на личную жизнь, религиозные убеждения, политические взгляды и '
 'многое другое.\n'
 '\n'
 'Во-вторых, каждый человек заслуживает равенства. Это означает, что все люди '
 'должны быть равны перед законом и иметь равные возможности для достижения '
 'успеха. Равенство подразумевает отсутствие дискриминации по признаку расы, '
 'пола, религии, национальности и т.д.\n'
 '\n'
 'Наконец, каждый человек заслуживает одинаковых возможностей. Это означает, '
 'что все люди должны иметь равные шансы на успех в жизни. Одинаковые '
 'возможности включают в себя доступ к образованию, здравоохранению, работе и '
 'другим социальным благам.\n'
 '\n'
 'В заключение, принцип равенства и одинаковых возможностей является основой '
 'демократического общества. Он гарантирует, что все люди могут реализовать '
 'свой потенциал и достичь успеха в жизни.\n'
 'Пользователь: Я согласна с вами в том, что каждый человек имеет право на '
 'свободу выбора и принятия решений, а также на равные возможности для '
 'достижения успеха. Однако, моя позиция заключается в том, что все люди равны '
 'не только в правах, но и в обязанностях.\n'
 '\n'
 'Все мы имеем равные права на жизнь, свободу и стремление к счастью, но это '
 'не значит, что мы должны игнорировать наши различия и потребности друг '
 'друга. Мы должны стремиться к созданию общества, где каждый может '
 'реализовать свой потенциал и достичь успеха, независимо от пола, расы, '
 'национальности, возраста или других факторов.\n'
 '\n'
 'Важно помнить, что равенство не означает идентичность. Оно подразумевает '
 'возможность каждого человека развиваться и расти в соответствии со своими '
 'способностями и интересами. Это означает, что мы должны уважать '
 'индивидуальность каждого человека и создавать условия для того, чтобы каждый '
 'мог проявить свои таланты и способности.\n'
 '\n'
 'В конечном итоге, наша цель должна быть направлена на создание общества, где '
 'каждый человек может жить полной жизнью, достигать своих целей и '
 'реализовывать свой потенциал.\n'
 'Пользователь: Ваше утверждение о том, что все люди равны и заслуживают '
 'одинаковых возможностей, является ключевым принципом демократического '
 'общества. Этот принцип лежит в основе многих международных договоров и '
 'конвенций, таких как Всеобщая декларация прав человека и Международный пакт '
 'об экономических, социальных и культурных правах.\n'
 '\n'
 'Однако стоит отметить, что равенство не означает идентичность. Каждый '
 'человек уникален и обладает своими талантами и способностями. Наша задача '
 'как общества - создать условия для того, чтобы каждый мог проявить свой '
 'потенциал и достичь успеха. Это может включать в себя предоставление доступа '
 'к образованию, здравоохранению, инфраструктуре и другим ресурсам, которые '
 'необходимы для развития личности.\n'
 '\n'
 'Важно помнить, что равенство не означает отсутствие различий между людьми. '
 'Различия могут быть по полу, расе, национальности, возрасту, физическим '
 'возможностям и т.д. Однако эти различия не должны становиться препятствием '
 'для реализации своих прав и возможностей.\n'
 '\n'
 'В заключение, я хотел бы подчеркнуть, что равенство и одинаковые возможности '
 'для всех людей являются основой справедливого и процветающего общества.\n')
[{'first_participant': 'Все люди равны и заслуживают одинаковых возможностей. '
                       'Это фундаментальный принцип, который лежит в основе '
                       'многих демократических обществ. Он подразумевает, что '
                       'все люди имеют право на свободу, равенство и '
                       'справедливость.\n'
                       '\n'
                       'Во-первых, каждый человек имеет право на свободу. Это '
                       'означает, что все люди должны иметь возможность делать '
                       'свой выбор и принимать решения без вмешательства со '
                       'стороны других людей или государства. Свобода включает '
                       'в себя право на личную жизнь, религиозные убеждения, '
                       'политические взгляды и многое другое.\n'
                       '\n'
                       'Во-вторых, каждый человек заслуживает равенства. Это '
                       'означает, что все люди должны быть равны перед законом '
                       'и иметь равные возможности для достижения успеха. '
                       'Равенство подразумевает отсутствие дискриминации по '
                       'признаку расы, пола, религии, национальности и т.д.\n'
                       '\n'
                       'Наконец, каждый человек заслуживает одинаковых '
                       'возможностей. Это означает, что все люди должны иметь '
                       'равные шансы на успех в жизни. Одинаковые возможности '
                       'включают в себя доступ к образованию, здравоохранению, '
                       'работе и другим социальным благам.\n'
                       '\n'
                       'В заключение, принцип равенства и одинаковых '
                       'возможностей является основой демократического '
                       'общества. Он гарантирует, что все люди могут '
                       'реализовать свой потенциал и достичь успеха в жизни.'},
 {'second_participant': 'Ваша позиция противоречит принципу равенства и '
                        'одинаковых возможностей для всех людей. Каждый '
                        'человек имеет право на свободу выбора и принятия '
                        'решений, а также на равные возможности для достижения '
                        'успеха.'},
 {'first_participant': 'Я согласна с вами в том, что каждый человек имеет '
                       'право на свободу выбора и принятия решений, а также на '
                       'равные возможности для достижения успеха. Однако, моя '
                       'позиция заключается в том, что все люди равны не '
                       'только в правах, но и в обязанностях.\n'
                       '\n'
                       'Все мы имеем равные права на жизнь, свободу и '
                       'стремление к счастью, но это не значит, что мы должны '
                       'игнорировать наши различия и потребности друг друга. '
                       'Мы должны стремиться к созданию общества, где каждый '
                       'может реализовать свой потенциал и достичь успеха, '
                       'независимо от пола, расы, национальности, возраста или '
                       'других факторов.\n'
                       '\n'
                       'Важно помнить, что равенство не означает идентичность. '
                       'Оно подразумевает возможность каждого человека '
                       'развиваться и расти в соответствии со своими '
                       'способностями и интересами. Это означает, что мы '
                       'должны уважать индивидуальность каждого человека и '
                       'создавать условия для того, чтобы каждый мог проявить '
                       'свои таланты и способности.\n'
                       '\n'
                       'В конечном итоге, наша цель должна быть направлена на '
                       'создание общества, где каждый человек может жить '
                       'полной жизнью, достигать своих целей и реализовывать '
                       'свой потенциал.'},
 {'second_participant': 'Спасибо за ваше мнение! Я полностью согласен с тем, '
                        'что равенство не означает идентичность. Каждый '
                        'человек уникален и имеет свои таланты и способности. '
                        'Наша задача как общества - создать условия для того, '
                        'чтобы каждый мог проявить свой потенциал и достичь '
                        'успеха.'},
 {'first_participant': 'Ваше утверждение о том, что все люди равны и '
                       'заслуживают одинаковых возможностей, является ключевым '
                       'принципом демократического общества. Этот принцип '
                       'лежит в основе многих международных договоров и '
                       'конвенций, таких как Всеобщая декларация прав человека '
                       'и Международный пакт об экономических, социальных и '
                       'культурных правах.\n'
                       '\n'
                       'Однако стоит отметить, что равенство не означает '
                       'идентичность. Каждый человек уникален и обладает '
                       'своими талантами и способностями. Наша задача как '
                       'общества - создать условия для того, чтобы каждый мог '
                       'проявить свой потенциал и достичь успеха. Это может '
                       'включать в себя предоставление доступа к образованию, '
                       'здравоохранению, инфраструктуре и другим ресурсам, '
                       'которые необходимы для развития личности.\n'
                       '\n'
                       'Важно помнить, что равенство не означает отсутствие '
                       'различий между людьми. Различия могут быть по полу, '
                       'расе, национальности, возрасту, физическим '
                       'возможностям и т.д. Однако эти различия не должны '
                       'становиться препятствием для реализации своих прав и '
                       'возможностей.\n'
                       '\n'
                       'В заключение, я хотел бы подчеркнуть, что равенство и '
                       'одинаковые возможности для всех людей являются основой '
                       'справедливого и процветающего общества.'},
 {'second_participant': 'Спасибо за ваше мнение! Я полностью согласен с тем, '
                        'что равенство не означает идентичность. Каждый '
                        'человек уникален и обладает своими талантами и '
                        'способностями. Наша задача как общества - создать '
                        'условия для того, чтобы каждый мог проявить свой '
                        'потенциал и достичь успеха. Это может включать в себя '
                        'предоставление доступа к образованию, '
                        'здравоохранению, инфраструктуре и другим ресурсам, '
                        'которые необходимы для развития личности.'}]